<?xml version="1.0" encoding="UTF-8"?>
<!-- Generated by org.testng.reporters.JUnitReportReporter -->
<testsuite hostname="DESKTOP-9PR04K0" failures="0" tests="1" name="Test.PinPageTest" time="38.216" errors="0" timestamp="2022-06-16T20:11:54 IST" skipped="0">
  <testcase classname="Test.PinPageTest" name="loginwithcredentialTest" time="38.216"/>
  <system-out/>
</testsuite> <!-- Test.PinPageTest -->
