<?xml version="1.0" encoding="UTF-8"?>
<!-- Generated by org.testng.reporters.JUnitReportReporter -->
<testsuite hostname="DESKTOP-9PR04K0" failures="0" tests="1" name="Test.LoginSingnupPageTest" time="19.794" errors="0" timestamp="2022-06-10T21:49:45 IST" skipped="0">
  <testcase classname="Test.LoginSingnupPageTest" name="createaccount" time="19.794"/>
  <system-out/>
</testsuite> <!-- Test.LoginSingnupPageTest -->
