<?xml version="1.0" encoding="UTF-8"?>
<!-- Generated by org.testng.reporters.JUnitReportReporter -->
<testsuite hostname="DESKTOP-9PR04K0" failures="0" tests="2" name="Xpath.AxisMethod" time="74.170" errors="0" timestamp="2022-06-12T16:59:35 IST" skipped="0">
  <testcase classname="Xpath.AxisMethod" name="child" time="0.167"/>
  <system-out/>
  <testcase classname="Xpath.AxisMethod" name="selfnode" time="74.003"/>
  <system-out/>
</testsuite> <!-- Xpath.AxisMethod -->
